[debug] [2021-10-27T18:35:46.746Z] ----------------------------------------------------------------------
[debug] [2021-10-27T18:35:46.748Z] Command:       C:\Program Files\nodejs\node.exe C:\Users\Skander\AppData\Roaming\npm\node_modules\firebase-tools\lib\bin\firebase.js init
[debug] [2021-10-27T18:35:46.749Z] CLI Version:   9.20.0
[debug] [2021-10-27T18:35:46.749Z] Platform:      win32
[debug] [2021-10-27T18:35:46.749Z] Node Version:  v14.15.0
[debug] [2021-10-27T18:35:46.750Z] Time:          Wed Oct 27 2021 20:35:46 GMT+0200 (heure d’été d’Europe centrale)
[debug] [2021-10-27T18:35:46.750Z] ----------------------------------------------------------------------
[debug] 
[debug] [2021-10-27T18:35:46.752Z] >>> [apiv2][query] GET https://firebase-public.firebaseio.com/cli.json [none]
[debug] [2021-10-27T18:35:46.782Z] > command requires scopes: ["email","openid","https://www.googleapis.com/auth/cloudplatformprojects.readonly","https://www.googleapis.com/auth/firebase","https://www.googleapis.com/auth/cloud-platform"]
[debug] [2021-10-27T18:35:46.782Z] > authorizing via signed-in user (lassoued.skanderr@gmail.com)
[info] 
     ######## #### ########  ######## ########     ###     ######  ########
     ##        ##  ##     ## ##       ##     ##  ##   ##  ##       ##
     ######    ##  ########  ######   ########  #########  ######  ######
     ##        ##  ##    ##  ##       ##     ## ##     ##       ## ##
     ##       #### ##     ## ######## ########  ##     ##  ######  ########

You're about to initialize a Firebase project in this directory:

  C:\Users\Skander\Desktop\application JQuery

[debug] [2021-10-27T18:35:47.375Z] <<< [apiv2][status] GET https://firebase-public.firebaseio.com/cli.json 200
[debug] [2021-10-27T18:35:47.375Z] <<< [apiv2][body] GET https://firebase-public.firebaseio.com/cli.json {"cloudBuildErrorAfter":1594252800000,"cloudBuildWarnAfter":1590019200000,"defaultNode10After":1594252800000,"minVersion":"3.0.5","node8DeploysDisabledAfter":1613390400000,"node8RuntimeDisabledAfter":1615809600000,"node8WarnAfter":1600128000000}
